Determining if the pthread_create exist failed with the following output:
Change Dir: /home/ros/final_project/build/CMakeFiles/CMakeTmp

Run Build Command:"/usr/bin/make" "cmTC_e6d6c/fast"
/usr/bin/make -f CMakeFiles/cmTC_e6d6c.dir/build.make CMakeFiles/cmTC_e6d6c.dir/build
make[1]: 进入目录“/home/ros/final_project/build/CMakeFiles/CMakeTmp”
Building C object CMakeFiles/cmTC_e6d6c.dir/CheckSymbolExists.c.o
/usr/bin/cc    -o CMakeFiles/cmTC_e6d6c.dir/CheckSymbolExists.c.o   -c /home/ros/final_project/build/CMakeFiles/CMakeTmp/CheckSymbolExists.c
Linking C executable cmTC_e6d6c
/usr/bin/cmake -E cmake_link_script CMakeFiles/cmTC_e6d6c.dir/link.txt --verbose=1
/usr/bin/cc      -rdynamic CMakeFiles/cmTC_e6d6c.dir/CheckSymbolExists.c.o  -o cmTC_e6d6c 
CMakeFiles/cmTC_e6d6c.dir/CheckSymbolExists.c.o：在函数‘main’中：
CheckSymbolExists.c:(.text+0x14)：对‘pthread_create’未定义的引用
CheckSymbolExists.c:(.text+0x18)：对‘pthread_create’未定义的引用
collect2: error: ld returned 1 exit status
CMakeFiles/cmTC_e6d6c.dir/build.make:97: recipe for target 'cmTC_e6d6c' failed
make[1]: *** [cmTC_e6d6c] Error 1
make[1]: 离开目录“/home/ros/final_project/build/CMakeFiles/CMakeTmp”
Makefile:126: recipe for target 'cmTC_e6d6c/fast' failed
make: *** [cmTC_e6d6c/fast] Error 2

File /home/ros/final_project/build/CMakeFiles/CMakeTmp/CheckSymbolExists.c:
/* */
#include <pthread.h>

int main(int argc, char** argv)
{
  (void)argv;
#ifndef pthread_create
  return ((int*)(&pthread_create))[argc];
#else
  (void)argc;
  return 0;
#endif
}

Determining if the function pthread_create exists in the pthreads failed with the following output:
Change Dir: /home/ros/final_project/build/CMakeFiles/CMakeTmp

Run Build Command:"/usr/bin/make" "cmTC_26d4b/fast"
/usr/bin/make -f CMakeFiles/cmTC_26d4b.dir/build.make CMakeFiles/cmTC_26d4b.dir/build
make[1]: 进入目录“/home/ros/final_project/build/CMakeFiles/CMakeTmp”
Building C object CMakeFiles/cmTC_26d4b.dir/CheckFunctionExists.c.o
/usr/bin/cc   -DCHECK_FUNCTION_EXISTS=pthread_create   -o CMakeFiles/cmTC_26d4b.dir/CheckFunctionExists.c.o   -c /usr/share/cmake-3.10/Modules/CheckFunctionExists.c
Linking C executable cmTC_26d4b
/usr/bin/cmake -E cmake_link_script CMakeFiles/cmTC_26d4b.dir/link.txt --verbose=1
/usr/bin/cc  -DCHECK_FUNCTION_EXISTS=pthread_create    -rdynamic CMakeFiles/cmTC_26d4b.dir/CheckFunctionExists.c.o  -o cmTC_26d4b -lpthreads 
/usr/bin/ld: 找不到 -lpthreads
collect2: error: ld returned 1 exit status
CMakeFiles/cmTC_26d4b.dir/build.make:97: recipe for target 'cmTC_26d4b' failed
make[1]: *** [cmTC_26d4b] Error 1
make[1]: 离开目录“/home/ros/final_project/build/CMakeFiles/CMakeTmp”
Makefile:126: recipe for target 'cmTC_26d4b/fast' failed
make: *** [cmTC_26d4b/fast] Error 2


